Arguments: 
  /usr/local/Cellar/node@14/14.21.1/bin/node /usr/local/Cellar/yarn/1.22.17_2/libexec/bin/yarn.js install

PATH: 
  /usr/local/opt/node@14/bin:/Users/jimmypocock/.rbenv/bin:/Users/jimmypocock/.node/bin:/Users/jimmypocock/.rbenv/shims:/Users/jimmypocock/.rbenv/bin:/Users/jimmypocock/.rbenv/shims:/usr/local/bin:/usr/bin:/bin:/usr/sbin:/sbin:/usr/local/go/bin:/Library/Apple/usr/bin:/usr/local/sbin:/Users/jimmypocock/go/bin

Yarn version: 
  1.22.17

Node version: 
  14.21.1

Platform: 
  darwin x64

Trace: 
  Error: unable to get local issuer certificate
      at TLSSocket.onConnectSecure (_tls_wrap.js:1515:34)
      at TLSSocket.emit (events.js:400:28)
      at TLSSocket._finishInit (_tls_wrap.js:937:8)
      at TLSWrap.ssl.onhandshakedone (_tls_wrap.js:709:12)

npm manifest: 
  {
    "name": "Jekyll-Gulp-Sass-Autoprefixer-Imagemin-BrowserSync",
    "version": "1.0.0",
    "description": "A starter project for Jekyll",
    "main": "index.js",
    "repository": "https://github.com/artemsheludko/Jekyll-Gulp-Sass-Autoprefixer-Imagemin-BrowserSync",
    "author": "Artem Sheludko",
    "license": "MIT",
    "dependencies": {
      "browser-sync": "^2.18.13",
      "child_process": "^1.0.2",
      "gulp": "^3.9.1",
      "gulp-autoprefixer": "^4.0.0",
      "gulp-cache": "^0.4.6",
      "gulp-imagemin": "^3.2.0",
      "gulp-sass": "^3.1.0",
      "imagemin-pngquant": "^5.0.0"
    }
  }

yarn manifest: 
  No manifest

Lockfile: 
  No lockfile
